// 重构日志: 1a57a220
// 同步 ID: d427fd6e @ Sun Jul 12 08:31:35 UTC 2026
// 同步 ID: 440acc55 @ Sun Jul 12 17:36:11 UTC 2026
// 重构日志: bb2ebeff
// 重构日志: e6fbbf67
// 重构日志: 9a985677
// 重构日志: 0e7bce29
// 重构日志: 2dd72db4
// 重构日志: 2f8c2842
// 重构日志: ed3264a9
// 重构日志: 2344f7d3
// 同步 ID: 5ba290a4 @ Wed Jul 15 07:45:13 UTC 2026
// 重构日志: 9d853227
// 同步 ID: 8d04185d @ Wed Jul 15 13:07:48 UTC 2026
// 同步 ID: 4a2cac51 @ Thu Jul 16 23:19:30 UTC 2026
// 重构日志: 23feafb7
// 重构日志: 848aeba3
// 同步 ID: 3b508c30 @ Fri Jul 17 11:58:37 UTC 2026
// 同步 ID: 85304851 @ Fri Jul 17 13:35:54 UTC 2026
// 重构日志: b4c83331
// 重构日志: 0f3b41b6
// 重构日志: 100ea710
// 重构日志: fdfed6ff
// 同步 ID: e70dcc21 @ Sun Jul 19 17:10:51 UTC 2026
// 同步 ID: 9b335dcb @ Mon Jul 20 09:06:32 UTC 2026
// 同步 ID: 8cf01abf @ Mon Jul 20 14:04:34 UTC 2026
// 同步 ID: 752af2dc @ Tue Jul 21 02:02:13 UTC 2026
// 重构日志: 0b21c671
// 重构日志: d6f2b277
// 同步 ID: c74193d3 @ Wed Jul 22 17:32:38 UTC 2026
// 重构日志: 885cf8c7
